<?xml version="1.0" encoding="UTF-8"?>
<testsuite name="hello.hellospring.service.MemberServiceTest" tests="4" skipped="0" failures="0" errors="0" timestamp="2022-01-01T04:21:28" hostname="DESKTOP-1D0J187" time="0.007">
  <properties/>
  <testcase name="findOne()" classname="hello.hellospring.service.MemberServiceTest" time="0.001"/>
  <testcase name="중복_회원_예외()" classname="hello.hellospring.service.MemberServiceTest" time="0.005"/>
  <testcase name="회원가입()" classname="hello.hellospring.service.MemberServiceTest" time="0.001"/>
  <testcase name="findMembers()" classname="hello.hellospring.service.MemberServiceTest" time="0.0"/>
  <system-out><![CDATA[]]></system-out>
  <system-err><![CDATA[]]></system-err>
</testsuite>
